<?xml version="1.0" encoding="UTF-8"?>
<coverage generated="1700435185725" clover="3.2.0">
  <project timestamp="1700435185726" name="All files">
    <metrics statements="60" coveredstatements="52" conditionals="12" coveredconditionals="9" methods="24" coveredmethods="19" elements="96" coveredelements="80" complexity="0" loc="60" ncloc="60" packages="6" files="10" classes="10"/>
    <package name="components.details">
      <metrics statements="13" coveredstatements="13" conditionals="6" coveredconditionals="4" methods="3" coveredmethods="3"/>
      <file name="DetailCard.tsx" path="D:\RS_School\Stage_3\Projects\react-rs\src\components\details\DetailCard.tsx">
        <metrics statements="2" coveredstatements="2" conditionals="0" coveredconditionals="0" methods="1" coveredmethods="1"/>
        <line num="8" count="1" type="stmt"/>
        <line num="9" count="3" type="stmt"/>
      </file>
      <file name="Details.tsx" path="D:\RS_School\Stage_3\Projects\react-rs\src\components\details\Details.tsx">
        <metrics statements="11" coveredstatements="11" conditionals="6" coveredconditionals="4" methods="2" coveredmethods="2"/>
        <line num="9" count="1" type="stmt"/>
        <line num="10" count="9" type="stmt"/>
        <line num="11" count="9" type="stmt"/>
        <line num="13" count="9" type="stmt"/>
        <line num="16" count="9" type="stmt"/>
        <line num="17" count="9" type="stmt"/>
        <line num="19" count="9" type="stmt"/>
        <line num="20" count="1" type="stmt"/>
        <line num="21" count="1" type="stmt"/>
        <line num="26" count="9" type="cond" truecount="1" falsecount="1"/>
        <line num="36" count="9" type="stmt"/>
      </file>
    </package>
    <package name="components.errorBoundary">
      <metrics statements="7" coveredstatements="5" conditionals="2" coveredconditionals="1" methods="3" coveredmethods="2"/>
      <file name="errorTestButton.tsx" path="D:\RS_School\Stage_3\Projects\react-rs\src\components\errorBoundary\errorTestButton.tsx">
        <metrics statements="7" coveredstatements="5" conditionals="2" coveredconditionals="1" methods="3" coveredmethods="2"/>
        <line num="17" count="1" type="stmt"/>
        <line num="18" count="1" type="stmt"/>
        <line num="23" count="1" type="stmt"/>
        <line num="24" count="0" type="stmt"/>
        <line num="28" count="1" type="cond" truecount="1" falsecount="1"/>
        <line num="29" count="0" type="stmt"/>
        <line num="31" count="1" type="stmt"/>
      </file>
    </package>
    <package name="components.info.loader">
      <metrics statements="2" coveredstatements="2" conditionals="0" coveredconditionals="0" methods="1" coveredmethods="1"/>
      <file name="Loader.tsx" path="D:\RS_School\Stage_3\Projects\react-rs\src\components\info\loader\Loader.tsx">
        <metrics statements="2" coveredstatements="2" conditionals="0" coveredconditionals="0" methods="1" coveredmethods="1"/>
        <line num="4" count="1" type="stmt"/>
        <line num="5" count="6" type="stmt"/>
      </file>
    </package>
    <package name="components.info.pagination">
      <metrics statements="13" coveredstatements="10" conditionals="2" coveredconditionals="2" methods="6" coveredmethods="5"/>
      <file name="Pagination.tsx" path="D:\RS_School\Stage_3\Projects\react-rs\src\components\info\pagination\Pagination.tsx">
        <metrics statements="13" coveredstatements="10" conditionals="2" coveredconditionals="2" methods="6" coveredmethods="5"/>
        <line num="15" count="1" type="stmt"/>
        <line num="21" count="1" type="stmt"/>
        <line num="22" count="2" type="stmt"/>
        <line num="24" count="1" type="stmt"/>
        <line num="25" count="1" type="stmt"/>
        <line num="26" count="0" type="stmt"/>
        <line num="27" count="0" type="stmt"/>
        <line num="28" count="0" type="stmt"/>
        <line num="31" count="1" type="stmt"/>
        <line num="32" count="1" type="stmt"/>
        <line num="35" count="1" type="stmt"/>
        <line num="54" count="3" type="stmt"/>
        <line num="58" count="1" type="stmt"/>
      </file>
    </package>
    <package name="components.info.search">
      <metrics statements="9" coveredstatements="9" conditionals="0" coveredconditionals="0" methods="4" coveredmethods="4"/>
      <file name="Search.tsx" path="D:\RS_School\Stage_3\Projects\react-rs\src\components\info\search\Search.tsx">
        <metrics statements="9" coveredstatements="9" conditionals="0" coveredconditionals="0" methods="4" coveredmethods="4"/>
        <line num="12" count="1" type="stmt"/>
        <line num="17" count="2" type="stmt"/>
        <line num="18" count="1" type="stmt"/>
        <line num="20" count="2" type="stmt"/>
        <line num="21" count="4" type="stmt"/>
        <line num="23" count="2" type="stmt"/>
        <line num="24" count="1" type="stmt"/>
        <line num="25" count="1" type="stmt"/>
        <line num="28" count="2" type="stmt"/>
      </file>
    </package>
    <package name="store">
      <metrics statements="16" coveredstatements="13" conditionals="2" coveredconditionals="2" methods="7" coveredmethods="4"/>
      <file name="itemsPerPageSlice.ts" path="D:\RS_School\Stage_3\Projects\react-rs\src\store\itemsPerPageSlice.ts">
        <metrics statements="3" coveredstatements="2" conditionals="0" coveredconditionals="0" methods="1" coveredmethods="0"/>
        <line num="3" count="3" type="stmt"/>
        <line num="10" count="0" type="stmt"/>
        <line num="15" count="3" type="stmt"/>
      </file>
      <file name="productsApi.ts" path="D:\RS_School\Stage_3\Projects\react-rs\src\store\productsApi.ts">
        <metrics statements="5" coveredstatements="4" conditionals="0" coveredconditionals="0" methods="3" coveredmethods="2"/>
        <line num="3" count="3" type="stmt"/>
        <line num="8" count="3" type="stmt"/>
        <line num="11" count="0" type="stmt"/>
        <line num="14" count="3" type="stmt"/>
        <line num="19" count="3" type="stmt"/>
      </file>
      <file name="searchSlice.ts" path="D:\RS_School\Stage_3\Projects\react-rs\src\store\searchSlice.ts">
        <metrics statements="4" coveredstatements="3" conditionals="2" coveredconditionals="2" methods="1" coveredmethods="0"/>
        <line num="3" count="3" type="stmt"/>
        <line num="7" count="3" type="stmt"/>
        <line num="12" count="0" type="stmt"/>
        <line num="17" count="3" type="stmt"/>
      </file>
      <file name="store.ts" path="D:\RS_School\Stage_3\Projects\react-rs\src\store\store.ts">
        <metrics statements="4" coveredstatements="4" conditionals="0" coveredconditionals="0" methods="2" coveredmethods="2"/>
        <line num="10" count="3" type="stmt"/>
        <line num="16" count="3" type="stmt"/>
        <line num="17" count="6" type="stmt"/>
        <line num="21" count="6" type="stmt"/>
      </file>
    </package>
  </project>
</coverage>
