<?xml version="1.0" encoding="UTF-8"?>
<coverage generated="1699715674569" clover="3.2.0">
  <project timestamp="1699715674569" name="All files">
    <metrics statements="15" coveredstatements="13" conditionals="2" coveredconditionals="2" methods="5" coveredmethods="3" elements="22" coveredelements="18" complexity="0" loc="15" ncloc="15" packages="2" files="2" classes="2"/>
    <package name="context">
      <metrics statements="6" coveredstatements="4" conditionals="2" coveredconditionals="2" methods="2" coveredmethods="0"/>
      <file name="Context.tsx" path="D:\RS_School\Stage_3\Projects\react-rs\src\components\context\Context.tsx">
        <metrics statements="6" coveredstatements="4" conditionals="2" coveredconditionals="2" methods="2" coveredmethods="0"/>
        <line num="9" count="1" type="stmt"/>
        <line num="11" count="0" type="stmt"/>
        <line num="15" count="1" type="stmt"/>
        <line num="22" count="1" type="stmt"/>
        <line num="24" count="0" type="stmt"/>
        <line num="27" count="1" type="stmt"/>
      </file>
    </package>
    <package name="info.search">
      <metrics statements="9" coveredstatements="9" conditionals="0" coveredconditionals="0" methods="3" coveredmethods="3"/>
      <file name="Search.tsx" path="D:\RS_School\Stage_3\Projects\react-rs\src\components\info\search\Search.tsx">
        <metrics statements="9" coveredstatements="9" conditionals="0" coveredconditionals="0" methods="3" coveredmethods="3"/>
        <line num="11" count="1" type="stmt"/>
        <line num="16" count="2" type="stmt"/>
        <line num="17" count="2" type="stmt"/>
        <line num="18" count="1" type="stmt"/>
        <line num="19" count="1" type="stmt"/>
        <line num="22" count="2" type="stmt"/>
        <line num="23" count="1" type="stmt"/>
        <line num="24" count="1" type="stmt"/>
        <line num="27" count="2" type="stmt"/>
      </file>
    </package>
  </project>
</coverage>
