{"D:\\RS_School\\Stage_3\\Projects\\react-rs\\src\\components\\context\\Context.tsx": {"path":"D:\\RS_School\\Stage_3\\Projects\\react-rs\\src\\components\\context\\Context.tsx","statementMap":{"0":{"start":{"line":9,"column":34},"end":{"line":12,"column":1}},"1":{"start":{"line":11,"column":23},"end":{"line":11,"column":25}},"2":{"start":{"line":15,"column":2},"end":{"line":15,"column":54}},"3":{"start":{"line":22,"column":32},"end":{"line":25,"column":1}},"4":{"start":{"line":24,"column":21},"end":{"line":24,"column":23}},"5":{"start":{"line":27,"column":27},"end":{"line":27,"column":75}}},"fnMap":{"0":{"name":"(anonymous_0)","decl":{"start":{"line":11,"column":17},"end":{"line":11,"column":18}},"loc":{"start":{"line":11,"column":23},"end":{"line":11,"column":25}},"line":11},"1":{"name":"(anonymous_1)","decl":{"start":{"line":24,"column":15},"end":{"line":24,"column":16}},"loc":{"start":{"line":24,"column":21},"end":{"line":24,"column":23}},"line":24}},"branchMap":{"0":{"loc":{"start":{"line":10,"column":14},"end":{"line":10,"column":53}},"type":"binary-expr","locations":[{"start":{"line":10,"column":14},"end":{"line":10,"column":47}},{"start":{"line":10,"column":51},"end":{"line":10,"column":53}}],"line":10}},"s":{"0":1,"1":0,"2":1,"3":1,"4":0,"5":1},"f":{"0":0,"1":0},"b":{"0":[1,1]},"_coverageSchema":"1a1c01bbd47fc00a2c39e90264f33305004495a9","hash":"375f8e299bbcc9c5a1b1fdb2ee9076d50e2e069d"}
,"D:\\RS_School\\Stage_3\\Projects\\react-rs\\src\\components\\info\\search\\Search.tsx": {"path":"D:\\RS_School\\Stage_3\\Projects\\react-rs\\src\\components\\info\\search\\Search.tsx","statementMap":{"0":{"start":{"line":11,"column":15},"end":{"line":42,"column":1}},"1":{"start":{"line":16,"column":22},"end":{"line":16,"column":66}},"2":{"start":{"line":17,"column":28},"end":{"line":20,"column":3}},"3":{"start":{"line":18,"column":4},"end":{"line":18,"column":58}},"4":{"start":{"line":19,"column":4},"end":{"line":19,"column":39}},"5":{"start":{"line":22,"column":28},"end":{"line":25,"column":3}},"6":{"start":{"line":23,"column":4},"end":{"line":23,"column":42}},"7":{"start":{"line":24,"column":4},"end":{"line":24,"column":49}},"8":{"start":{"line":27,"column":2},"end":{"line":41,"column":4}}},"fnMap":{"0":{"name":"(anonymous_0)","decl":{"start":{"line":11,"column":15},"end":{"line":11,"column":16}},"loc":{"start":{"line":15,"column":25},"end":{"line":42,"column":1}},"line":15},"1":{"name":"(anonymous_1)","decl":{"start":{"line":17,"column":28},"end":{"line":17,"column":29}},"loc":{"start":{"line":17,"column":76},"end":{"line":20,"column":3}},"line":17},"2":{"name":"(anonymous_2)","decl":{"start":{"line":22,"column":28},"end":{"line":22,"column":29}},"loc":{"start":{"line":22,"column":40},"end":{"line":25,"column":3}},"line":22}},"branchMap":{},"s":{"0":1,"1":2,"2":2,"3":1,"4":1,"5":2,"6":1,"7":1,"8":2},"f":{"0":2,"1":1,"2":1},"b":{},"_coverageSchema":"1a1c01bbd47fc00a2c39e90264f33305004495a9","hash":"0d4af2e8fe1a0bc33c7f756707eca092dfde34c0"}
}
