{"D:\\RS_School\\Stage_3\\Projects\\react-rs\\src\\components\\context\\Context.tsx": {"path":"D:\\RS_School\\Stage_3\\Projects\\react-rs\\src\\components\\context\\Context.tsx","statementMap":{"0":{"start":{"line":9,"column":34},"end":{"line":12,"column":1}},"1":{"start":{"line":11,"column":23},"end":{"line":11,"column":25}},"2":{"start":{"line":15,"column":2},"end":{"line":15,"column":54}},"3":{"start":{"line":22,"column":32},"end":{"line":25,"column":1}},"4":{"start":{"line":24,"column":21},"end":{"line":24,"column":23}},"5":{"start":{"line":27,"column":27},"end":{"line":27,"column":75}}},"fnMap":{"0":{"name":"(anonymous_0)","decl":{"start":{"line":11,"column":17},"end":{"line":11,"column":18}},"loc":{"start":{"line":11,"column":23},"end":{"line":11,"column":25}},"line":11},"1":{"name":"(anonymous_1)","decl":{"start":{"line":24,"column":15},"end":{"line":24,"column":16}},"loc":{"start":{"line":24,"column":21},"end":{"line":24,"column":23}},"line":24}},"branchMap":{"0":{"loc":{"start":{"line":10,"column":14},"end":{"line":10,"column":53}},"type":"binary-expr","locations":[{"start":{"line":10,"column":14},"end":{"line":10,"column":47}},{"start":{"line":10,"column":51},"end":{"line":10,"column":53}}],"line":10}},"s":{"0":2,"1":0,"2":2,"3":2,"4":0,"5":2},"f":{"0":0,"1":0},"b":{"0":[2,2]},"_coverageSchema":"1a1c01bbd47fc00a2c39e90264f33305004495a9","hash":"375f8e299bbcc9c5a1b1fdb2ee9076d50e2e069d"}
,"D:\\RS_School\\Stage_3\\Projects\\react-rs\\src\\components\\details\\DetailCard.tsx": {"path":"D:\\RS_School\\Stage_3\\Projects\\react-rs\\src\\components\\details\\DetailCard.tsx","statementMap":{"0":{"start":{"line":8,"column":19},"end":{"line":78,"column":1}},"1":{"start":{"line":9,"column":2},"end":{"line":77,"column":4}}},"fnMap":{"0":{"name":"(anonymous_0)","decl":{"start":{"line":8,"column":19},"end":{"line":8,"column":20}},"loc":{"start":{"line":8,"column":60},"end":{"line":78,"column":1}},"line":8}},"branchMap":{},"s":{"0":1,"1":6},"f":{"0":6},"b":{},"_coverageSchema":"1a1c01bbd47fc00a2c39e90264f33305004495a9","hash":"af121d6ecf0e05db7452568c857f203f5dfb27aa"}
,"D:\\RS_School\\Stage_3\\Projects\\react-rs\\src\\components\\details\\Details.tsx": {"path":"D:\\RS_School\\Stage_3\\Projects\\react-rs\\src\\components\\details\\Details.tsx","statementMap":{"0":{"start":{"line":20,"column":16},"end":{"line":64,"column":1}},"1":{"start":{"line":21,"column":19},"end":{"line":21,"column":32}},"2":{"start":{"line":22,"column":36},"end":{"line":22,"column":51}},"3":{"start":{"line":23,"column":38},"end":{"line":23,"column":60}},"4":{"start":{"line":24,"column":17},"end":{"line":24,"column":44}},"5":{"start":{"line":26,"column":22},"end":{"line":42,"column":17}},"6":{"start":{"line":27,"column":4},"end":{"line":27,"column":23}},"7":{"start":{"line":29,"column":4},"end":{"line":41,"column":9}},"8":{"start":{"line":31,"column":8},"end":{"line":33,"column":9}},"9":{"start":{"line":32,"column":10},"end":{"line":32,"column":53}},"10":{"start":{"line":35,"column":8},"end":{"line":35,"column":31}},"11":{"start":{"line":38,"column":8},"end":{"line":38,"column":28}},"12":{"start":{"line":39,"column":8},"end":{"line":39,"column":28}},"13":{"start":{"line":40,"column":8},"end":{"line":40,"column":20}},"14":{"start":{"line":44,"column":2},"end":{"line":46,"column":20}},"15":{"start":{"line":45,"column":4},"end":{"line":45,"column":18}},"16":{"start":{"line":48,"column":27},"end":{"line":53,"column":3}},"17":{"start":{"line":49,"column":17},"end":{"line":49,"column":34}},"18":{"start":{"line":50,"column":4},"end":{"line":52,"column":7}},"19":{"start":{"line":55,"column":26},"end":{"line":62,"column":3}},"20":{"start":{"line":63,"column":2},"end":{"line":63,"column":68}}},"fnMap":{"0":{"name":"(anonymous_0)","decl":{"start":{"line":20,"column":16},"end":{"line":20,"column":17}},"loc":{"start":{"line":20,"column":22},"end":{"line":64,"column":1}},"line":20},"1":{"name":"(anonymous_1)","decl":{"start":{"line":26,"column":34},"end":{"line":26,"column":35}},"loc":{"start":{"line":26,"column":40},"end":{"line":42,"column":3}},"line":26},"2":{"name":"(anonymous_2)","decl":{"start":{"line":30,"column":12},"end":{"line":30,"column":13}},"loc":{"start":{"line":30,"column":26},"end":{"line":36,"column":7}},"line":30},"3":{"name":"(anonymous_3)","decl":{"start":{"line":37,"column":12},"end":{"line":37,"column":13}},"loc":{"start":{"line":37,"column":34},"end":{"line":41,"column":7}},"line":37},"4":{"name":"(anonymous_4)","decl":{"start":{"line":44,"column":12},"end":{"line":44,"column":13}},"loc":{"start":{"line":44,"column":18},"end":{"line":46,"column":3}},"line":44},"5":{"name":"(anonymous_5)","decl":{"start":{"line":48,"column":27},"end":{"line":48,"column":28}},"loc":{"start":{"line":48,"column":33},"end":{"line":53,"column":3}},"line":48}},"branchMap":{"0":{"loc":{"start":{"line":31,"column":8},"end":{"line":33,"column":9}},"type":"if","locations":[{"start":{"line":31,"column":8},"end":{"line":33,"column":9}},{"start":{},"end":{}}],"line":31},"1":{"loc":{"start":{"line":55,"column":26},"end":{"line":62,"column":3}},"type":"cond-expr","locations":[{"start":{"line":56,"column":4},"end":{"line":56,"column":14}},{"start":{"line":58,"column":4},"end":{"line":61,"column":6}}],"line":55}},"s":{"0":1,"1":9,"2":9,"3":9,"4":9,"5":9,"6":3,"7":3,"8":3,"9":0,"10":3,"11":3,"12":3,"13":3,"14":9,"15":3,"16":9,"17":1,"18":1,"19":9,"20":9},"f":{"0":9,"1":3,"2":3,"3":3,"4":3,"5":1},"b":{"0":[0,3],"1":[3,6]},"_coverageSchema":"1a1c01bbd47fc00a2c39e90264f33305004495a9","hash":"6c351e71048c28f4a7d3a56b2bab9a06b3657f9b"}
,"D:\\RS_School\\Stage_3\\Projects\\react-rs\\src\\components\\errorBoundary\\errorTestButton.tsx": {"path":"D:\\RS_School\\Stage_3\\Projects\\react-rs\\src\\components\\errorBoundary\\errorTestButton.tsx","statementMap":{"0":{"start":{"line":17,"column":4},"end":{"line":17,"column":17}},"1":{"start":{"line":18,"column":4},"end":{"line":20,"column":6}},"2":{"start":{"line":23,"column":16},"end":{"line":25,"column":3}},"3":{"start":{"line":24,"column":4},"end":{"line":24,"column":38}},"4":{"start":{"line":28,"column":4},"end":{"line":30,"column":5}},"5":{"start":{"line":29,"column":6},"end":{"line":29,"column":68}},"6":{"start":{"line":31,"column":4},"end":{"line":37,"column":6}}},"fnMap":{"0":{"name":"(anonymous_0)","decl":{"start":{"line":16,"column":2},"end":{"line":16,"column":3}},"loc":{"start":{"line":16,"column":41},"end":{"line":21,"column":3}},"line":16},"1":{"name":"(anonymous_1)","decl":{"start":{"line":23,"column":16},"end":{"line":23,"column":17}},"loc":{"start":{"line":23,"column":22},"end":{"line":25,"column":3}},"line":23},"2":{"name":"(anonymous_2)","decl":{"start":{"line":27,"column":2},"end":{"line":27,"column":3}},"loc":{"start":{"line":27,"column":11},"end":{"line":38,"column":3}},"line":27}},"branchMap":{"0":{"loc":{"start":{"line":28,"column":4},"end":{"line":30,"column":5}},"type":"if","locations":[{"start":{"line":28,"column":4},"end":{"line":30,"column":5}},{"start":{},"end":{}}],"line":28}},"s":{"0":3,"1":3,"2":3,"3":0,"4":7,"5":0,"6":7},"f":{"0":3,"1":0,"2":7},"b":{"0":[0,7]},"_coverageSchema":"1a1c01bbd47fc00a2c39e90264f33305004495a9","hash":"03ff770379977436ee3ea80de923c18ba8d816ee"}
,"D:\\RS_School\\Stage_3\\Projects\\react-rs\\src\\components\\info\\Info.tsx": {"path":"D:\\RS_School\\Stage_3\\Projects\\react-rs\\src\\components\\info\\Info.tsx","statementMap":{"0":{"start":{"line":15,"column":26},"end":{"line":17,"column":1}},"1":{"start":{"line":16,"column":2},"end":{"line":16,"column":49}},"2":{"start":{"line":19,"column":35},"end":{"line":122,"column":1}},"3":{"start":{"line":20,"column":22},"end":{"line":20,"column":66}},"4":{"start":{"line":21,"column":26},"end":{"line":21,"column":66}},"5":{"start":{"line":22,"column":36},"end":{"line":22,"column":51}},"6":{"start":{"line":23,"column":36},"end":{"line":23,"column":65}},"7":{"start":{"line":24,"column":42},"end":{"line":24,"column":53}},"8":{"start":{"line":25,"column":42},"end":{"line":25,"column":59}},"9":{"start":{"line":27,"column":21},"end":{"line":27,"column":46}},"10":{"start":{"line":28,"column":20},"end":{"line":28,"column":44}},"11":{"start":{"line":30,"column":20},"end":{"line":82,"column":66}},"12":{"start":{"line":31,"column":4},"end":{"line":31,"column":23}},"13":{"start":{"line":33,"column":23},"end":{"line":79,"column":5}},"14":{"start":{"line":34,"column":6},"end":{"line":78,"column":7}},"15":{"start":{"line":35,"column":21},"end":{"line":35,"column":43}},"16":{"start":{"line":36,"column":22},"end":{"line":36,"column":46}},"17":{"start":{"line":37,"column":26},"end":{"line":37,"column":55}},"18":{"start":{"line":38,"column":24},"end":{"line":38,"column":43}},"19":{"start":{"line":40,"column":25},"end":{"line":40,"column":27}},"20":{"start":{"line":41,"column":8},"end":{"line":58,"column":9}},"21":{"start":{"line":41,"column":35},"end":{"line":41,"column":44}},"22":{"start":{"line":42,"column":10},"end":{"line":57,"column":12}},"23":{"start":{"line":47,"column":16},"end":{"line":49,"column":17}},"24":{"start":{"line":48,"column":18},"end":{"line":48,"column":61}},"25":{"start":{"line":51,"column":16},"end":{"line":51,"column":39}},"26":{"start":{"line":54,"column":16},"end":{"line":54,"column":44}},"27":{"start":{"line":55,"column":16},"end":{"line":55,"column":36}},"28":{"start":{"line":60,"column":24},"end":{"line":60,"column":58}},"29":{"start":{"line":61,"column":32},"end":{"line":72,"column":12}},"30":{"start":{"line":62,"column":30},"end":{"line":62,"column":59}},"31":{"start":{"line":65,"column":14},"end":{"line":65,"column":73}},"32":{"start":{"line":69,"column":32},"end":{"line":69,"column":52}},"33":{"start":{"line":70,"column":23},"end":{"line":70,"column":58}},"34":{"start":{"line":71,"column":12},"end":{"line":71,"column":36}},"35":{"start":{"line":73,"column":8},"end":{"line":73,"column":37}},"36":{"start":{"line":74,"column":8},"end":{"line":74,"column":28}},"37":{"start":{"line":76,"column":8},"end":{"line":76,"column":53}},"38":{"start":{"line":77,"column":8},"end":{"line":77,"column":28}},"39":{"start":{"line":81,"column":4},"end":{"line":81,"column":17}},"40":{"start":{"line":84,"column":2},"end":{"line":86,"column":18}},"41":{"start":{"line":85,"column":4},"end":{"line":85,"column":16}},"42":{"start":{"line":88,"column":29},"end":{"line":94,"column":3}},"43":{"start":{"line":89,"column":4},"end":{"line":93,"column":7}},"44":{"start":{"line":90,"column":6},"end":{"line":90,"column":33}},"45":{"start":{"line":92,"column":6},"end":{"line":92,"column":24}},"46":{"start":{"line":96,"column":29},"end":{"line":98,"column":3}},"47":{"start":{"line":97,"column":4},"end":{"line":97,"column":23}},"48":{"start":{"line":100,"column":28},"end":{"line":103,"column":3}},"49":{"start":{"line":101,"column":4},"end":{"line":101,"column":41}},"50":{"start":{"line":102,"column":4},"end":{"line":102,"column":44}},"51":{"start":{"line":105,"column":2},"end":{"line":121,"column":4}}},"fnMap":{"0":{"name":"(anonymous_0)","decl":{"start":{"line":15,"column":26},"end":{"line":15,"column":27}},"loc":{"start":{"line":15,"column":32},"end":{"line":17,"column":1}},"line":15},"1":{"name":"(anonymous_1)","decl":{"start":{"line":19,"column":35},"end":{"line":19,"column":36}},"loc":{"start":{"line":19,"column":41},"end":{"line":122,"column":1}},"line":19},"2":{"name":"(anonymous_2)","decl":{"start":{"line":30,"column":32},"end":{"line":30,"column":33}},"loc":{"start":{"line":30,"column":38},"end":{"line":82,"column":3}},"line":30},"3":{"name":"(anonymous_3)","decl":{"start":{"line":33,"column":23},"end":{"line":33,"column":24}},"loc":{"start":{"line":33,"column":35},"end":{"line":79,"column":5}},"line":33},"4":{"name":"(anonymous_4)","decl":{"start":{"line":46,"column":20},"end":{"line":46,"column":21}},"loc":{"start":{"line":46,"column":34},"end":{"line":52,"column":15}},"line":46},"5":{"name":"(anonymous_5)","decl":{"start":{"line":53,"column":20},"end":{"line":53,"column":21}},"loc":{"start":{"line":53,"column":40},"end":{"line":56,"column":15}},"line":53},"6":{"name":"(anonymous_6)","decl":{"start":{"line":62,"column":18},"end":{"line":62,"column":19}},"loc":{"start":{"line":62,"column":30},"end":{"line":62,"column":59}},"line":62},"7":{"name":"(anonymous_7)","decl":{"start":{"line":64,"column":12},"end":{"line":64,"column":13}},"loc":{"start":{"line":65,"column":14},"end":{"line":65,"column":73}},"line":65},"8":{"name":"(anonymous_8)","decl":{"start":{"line":68,"column":15},"end":{"line":68,"column":16}},"loc":{"start":{"line":68,"column":26},"end":{"line":72,"column":11}},"line":68},"9":{"name":"(anonymous_9)","decl":{"start":{"line":84,"column":12},"end":{"line":84,"column":13}},"loc":{"start":{"line":84,"column":18},"end":{"line":86,"column":3}},"line":84},"10":{"name":"(anonymous_10)","decl":{"start":{"line":88,"column":29},"end":{"line":88,"column":30}},"loc":{"start":{"line":88,"column":61},"end":{"line":94,"column":3}},"line":88},"11":{"name":"(anonymous_11)","decl":{"start":{"line":89,"column":20},"end":{"line":89,"column":21}},"loc":{"start":{"line":89,"column":36},"end":{"line":93,"column":5}},"line":89},"12":{"name":"(anonymous_12)","decl":{"start":{"line":96,"column":29},"end":{"line":96,"column":30}},"loc":{"start":{"line":96,"column":53},"end":{"line":98,"column":3}},"line":96},"13":{"name":"(anonymous_13)","decl":{"start":{"line":100,"column":28},"end":{"line":100,"column":29}},"loc":{"start":{"line":100,"column":40},"end":{"line":103,"column":3}},"line":100}},"branchMap":{"0":{"loc":{"start":{"line":16,"column":9},"end":{"line":16,"column":48}},"type":"binary-expr","locations":[{"start":{"line":16,"column":9},"end":{"line":16,"column":42}},{"start":{"line":16,"column":46},"end":{"line":16,"column":48}}],"line":16},"1":{"loc":{"start":{"line":35,"column":21},"end":{"line":35,"column":43}},"type":"binary-expr","locations":[{"start":{"line":35,"column":21},"end":{"line":35,"column":38}},{"start":{"line":35,"column":42},"end":{"line":35,"column":43}}],"line":35},"2":{"loc":{"start":{"line":36,"column":22},"end":{"line":36,"column":46}},"type":"binary-expr","locations":[{"start":{"line":36,"column":22},"end":{"line":36,"column":40}},{"start":{"line":36,"column":44},"end":{"line":36,"column":46}}],"line":36},"3":{"loc":{"start":{"line":47,"column":16},"end":{"line":49,"column":17}},"type":"if","locations":[{"start":{"line":47,"column":16},"end":{"line":49,"column":17}},{"start":{},"end":{}}],"line":47}},"s":{"0":1,"1":6,"2":1,"3":6,"4":6,"5":6,"6":6,"7":6,"8":6,"9":6,"10":6,"11":6,"12":2,"13":2,"14":2,"15":2,"16":2,"17":2,"18":2,"19":2,"20":2,"21":2,"22":2,"23":2,"24":0,"25":2,"26":2,"27":2,"28":2,"29":2,"30":2,"31":2,"32":20,"33":20,"34":20,"35":2,"36":2,"37":0,"38":0,"39":2,"40":6,"41":2,"42":6,"43":0,"44":0,"45":0,"46":6,"47":0,"48":6,"49":0,"50":0,"51":6},"f":{"0":6,"1":6,"2":2,"3":2,"4":2,"5":2,"6":2,"7":2,"8":20,"9":2,"10":0,"11":0,"12":0,"13":0},"b":{"0":[6,0],"1":[2,1],"2":[2,1],"3":[0,2]},"_coverageSchema":"1a1c01bbd47fc00a2c39e90264f33305004495a9","hash":"c4fed5f1f07eead577c7171bf7fadb8697a2f2fa"}
,"D:\\RS_School\\Stage_3\\Projects\\react-rs\\src\\components\\info\\cardlist\\CardList.tsx": {"path":"D:\\RS_School\\Stage_3\\Projects\\react-rs\\src\\components\\info\\cardlist\\CardList.tsx","statementMap":{"0":{"start":{"line":12,"column":17},"end":{"line":52,"column":1}},"1":{"start":{"line":13,"column":19},"end":{"line":13,"column":32}},"2":{"start":{"line":14,"column":20},"end":{"line":14,"column":60}},"3":{"start":{"line":15,"column":26},"end":{"line":26,"column":3}},"4":{"start":{"line":16,"column":17},"end":{"line":16,"column":45}},"5":{"start":{"line":17,"column":20},"end":{"line":17,"column":44}},"6":{"start":{"line":18,"column":34},"end":{"line":18,"column":36}},"7":{"start":{"line":19,"column":4},"end":{"line":21,"column":5}},"8":{"start":{"line":20,"column":6},"end":{"line":20,"column":40}},"9":{"start":{"line":22,"column":4},"end":{"line":25,"column":7}},"10":{"start":{"line":28,"column":25},"end":{"line":42,"column":3}},"11":{"start":{"line":34,"column":6},"end":{"line":40,"column":8}},"12":{"start":{"line":35,"column":27},"end":{"line":35,"column":51}},"13":{"start":{"line":44,"column":2},"end":{"line":51,"column":4}}},"fnMap":{"0":{"name":"(anonymous_0)","decl":{"start":{"line":12,"column":17},"end":{"line":12,"column":18}},"loc":{"start":{"line":12,"column":59},"end":{"line":52,"column":1}},"line":12},"1":{"name":"(anonymous_1)","decl":{"start":{"line":15,"column":26},"end":{"line":15,"column":27}},"loc":{"start":{"line":15,"column":42},"end":{"line":26,"column":3}},"line":15},"2":{"name":"(anonymous_2)","decl":{"start":{"line":33,"column":27},"end":{"line":33,"column":28}},"loc":{"start":{"line":34,"column":6},"end":{"line":40,"column":8}},"line":34},"3":{"name":"(anonymous_3)","decl":{"start":{"line":35,"column":21},"end":{"line":35,"column":22}},"loc":{"start":{"line":35,"column":27},"end":{"line":35,"column":51}},"line":35}},"branchMap":{"0":{"loc":{"start":{"line":28,"column":25},"end":{"line":42,"column":3}},"type":"cond-expr","locations":[{"start":{"line":29,"column":4},"end":{"line":29,"column":14}},{"start":{"line":30,"column":6},"end":{"line":42,"column":3}}],"line":28},"1":{"loc":{"start":{"line":30,"column":6},"end":{"line":42,"column":3}},"type":"cond-expr","locations":[{"start":{"line":31,"column":4},"end":{"line":31,"column":30}},{"start":{"line":33,"column":4},"end":{"line":41,"column":6}}],"line":30}},"s":{"0":1,"1":6,"2":6,"3":6,"4":0,"5":0,"6":0,"7":0,"8":0,"9":0,"10":6,"11":20,"12":0,"13":6},"f":{"0":6,"1":0,"2":20,"3":0},"b":{"0":[2,4],"1":[2,2]},"_coverageSchema":"1a1c01bbd47fc00a2c39e90264f33305004495a9","hash":"247c57bd381eb67781b2bf62be8f118ea051e7f5"}
,"D:\\RS_School\\Stage_3\\Projects\\react-rs\\src\\components\\info\\cardlist\\card\\Card.tsx": {"path":"D:\\RS_School\\Stage_3\\Projects\\react-rs\\src\\components\\info\\cardlist\\card\\Card.tsx","statementMap":{"0":{"start":{"line":12,"column":13},"end":{"line":22,"column":1}},"1":{"start":{"line":13,"column":2},"end":{"line":21,"column":4}}},"fnMap":{"0":{"name":"(anonymous_0)","decl":{"start":{"line":12,"column":13},"end":{"line":12,"column":14}},"loc":{"start":{"line":12,"column":76},"end":{"line":22,"column":1}},"line":12}},"branchMap":{},"s":{"0":1,"1":20},"f":{"0":20},"b":{},"_coverageSchema":"1a1c01bbd47fc00a2c39e90264f33305004495a9","hash":"4fb4a13872bc8a42e137bbd9ce8bcc756302a0ed"}
,"D:\\RS_School\\Stage_3\\Projects\\react-rs\\src\\components\\info\\cardlist\\card\\TextCard.tsx": {"path":"D:\\RS_School\\Stage_3\\Projects\\react-rs\\src\\components\\info\\cardlist\\card\\TextCard.tsx","statementMap":{"0":{"start":{"line":9,"column":17},"end":{"line":28,"column":1}},"1":{"start":{"line":10,"column":2},"end":{"line":27,"column":4}}},"fnMap":{"0":{"name":"(anonymous_0)","decl":{"start":{"line":9,"column":17},"end":{"line":9,"column":18}},"loc":{"start":{"line":9,"column":67},"end":{"line":28,"column":1}},"line":9}},"branchMap":{},"s":{"0":1,"1":20},"f":{"0":20},"b":{},"_coverageSchema":"1a1c01bbd47fc00a2c39e90264f33305004495a9","hash":"9aabb88d50ce6b45144dde499cb75f9366731f01"}
,"D:\\RS_School\\Stage_3\\Projects\\react-rs\\src\\components\\info\\loader\\Loader.tsx": {"path":"D:\\RS_School\\Stage_3\\Projects\\react-rs\\src\\components\\info\\loader\\Loader.tsx","statementMap":{"0":{"start":{"line":4,"column":25},"end":{"line":15,"column":1}},"1":{"start":{"line":5,"column":2},"end":{"line":14,"column":4}}},"fnMap":{"0":{"name":"(anonymous_0)","decl":{"start":{"line":4,"column":25},"end":{"line":4,"column":26}},"loc":{"start":{"line":4,"column":31},"end":{"line":15,"column":1}},"line":4}},"branchMap":{},"s":{"0":2,"1":5},"f":{"0":5},"b":{},"_coverageSchema":"1a1c01bbd47fc00a2c39e90264f33305004495a9","hash":"05009533f2260b9529f5745723dc10bc0e93bda9"}
,"D:\\RS_School\\Stage_3\\Projects\\react-rs\\src\\components\\info\\pagination\\Pagination.tsx": {"path":"D:\\RS_School\\Stage_3\\Projects\\react-rs\\src\\components\\info\\pagination\\Pagination.tsx","statementMap":{"0":{"start":{"line":12,"column":21},"end":{"line":12,"column":23}},"1":{"start":{"line":13,"column":19},"end":{"line":59,"column":1}},"2":{"start":{"line":20,"column":16},"end":{"line":20,"column":50}},"3":{"start":{"line":21,"column":35},"end":{"line":25,"column":3}},"4":{"start":{"line":22,"column":33},"end":{"line":22,"column":55}},"5":{"start":{"line":23,"column":4},"end":{"line":23,"column":60}},"6":{"start":{"line":24,"column":4},"end":{"line":24,"column":30}},"7":{"start":{"line":27,"column":22},"end":{"line":29,"column":3}},"8":{"start":{"line":28,"column":4},"end":{"line":28,"column":42}},"9":{"start":{"line":31,"column":2},"end":{"line":58,"column":4}},"10":{"start":{"line":46,"column":10},"end":{"line":53,"column":19}},"11":{"start":{"line":50,"column":27},"end":{"line":50,"column":49}}},"fnMap":{"0":{"name":"(anonymous_0)","decl":{"start":{"line":13,"column":19},"end":{"line":13,"column":20}},"loc":{"start":{"line":19,"column":13},"end":{"line":59,"column":1}},"line":19},"1":{"name":"(anonymous_1)","decl":{"start":{"line":21,"column":35},"end":{"line":21,"column":36}},"loc":{"start":{"line":21,"column":73},"end":{"line":25,"column":3}},"line":21},"2":{"name":"(anonymous_2)","decl":{"start":{"line":27,"column":22},"end":{"line":27,"column":23}},"loc":{"start":{"line":27,"column":40},"end":{"line":29,"column":3}},"line":27},"3":{"name":"(anonymous_3)","decl":{"start":{"line":45,"column":15},"end":{"line":45,"column":16}},"loc":{"start":{"line":46,"column":10},"end":{"line":53,"column":19}},"line":46},"4":{"name":"(anonymous_4)","decl":{"start":{"line":50,"column":21},"end":{"line":50,"column":22}},"loc":{"start":{"line":50,"column":27},"end":{"line":50,"column":49}},"line":50}},"branchMap":{"0":{"loc":{"start":{"line":20,"column":16},"end":{"line":20,"column":50}},"type":"binary-expr","locations":[{"start":{"line":20,"column":16},"end":{"line":20,"column":34}},{"start":{"line":20,"column":38},"end":{"line":20,"column":50}}],"line":20},"1":{"loc":{"start":{"line":49,"column":23},"end":{"line":49,"column":75}},"type":"cond-expr","locations":[{"start":{"line":49,"column":52},"end":{"line":49,"column":66}},{"start":{"line":49,"column":69},"end":{"line":49,"column":75}}],"line":49}},"s":{"0":2,"1":2,"2":7,"3":7,"4":0,"5":0,"6":0,"7":7,"8":1,"9":7,"10":14,"11":1},"f":{"0":7,"1":0,"2":1,"3":14,"4":1},"b":{"0":[7,3],"1":[2,12]},"_coverageSchema":"1a1c01bbd47fc00a2c39e90264f33305004495a9","hash":"1ef2fb6f953a8d07516fede71700826bc1c7c48a"}
,"D:\\RS_School\\Stage_3\\Projects\\react-rs\\src\\components\\info\\search\\Search.tsx": {"path":"D:\\RS_School\\Stage_3\\Projects\\react-rs\\src\\components\\info\\search\\Search.tsx","statementMap":{"0":{"start":{"line":11,"column":15},"end":{"line":41,"column":1}},"1":{"start":{"line":16,"column":22},"end":{"line":16,"column":66}},"2":{"start":{"line":17,"column":28},"end":{"line":19,"column":3}},"3":{"start":{"line":18,"column":4},"end":{"line":18,"column":39}},"4":{"start":{"line":21,"column":28},"end":{"line":24,"column":3}},"5":{"start":{"line":22,"column":4},"end":{"line":22,"column":42}},"6":{"start":{"line":23,"column":4},"end":{"line":23,"column":49}},"7":{"start":{"line":26,"column":2},"end":{"line":40,"column":4}}},"fnMap":{"0":{"name":"(anonymous_0)","decl":{"start":{"line":11,"column":15},"end":{"line":11,"column":16}},"loc":{"start":{"line":15,"column":25},"end":{"line":41,"column":1}},"line":15},"1":{"name":"(anonymous_1)","decl":{"start":{"line":17,"column":28},"end":{"line":17,"column":29}},"loc":{"start":{"line":17,"column":76},"end":{"line":19,"column":3}},"line":17},"2":{"name":"(anonymous_2)","decl":{"start":{"line":21,"column":28},"end":{"line":21,"column":29}},"loc":{"start":{"line":21,"column":40},"end":{"line":24,"column":3}},"line":21}},"branchMap":{},"s":{"0":2,"1":8,"2":8,"3":1,"4":8,"5":1,"6":1,"7":8},"f":{"0":8,"1":1,"2":1},"b":{},"_coverageSchema":"1a1c01bbd47fc00a2c39e90264f33305004495a9","hash":"ed6e11df3f34954824ab0d889c9f98492f269ce3"}
,"D:\\RS_School\\Stage_3\\Projects\\react-rs\\src\\test\\msw-server.ts": {"path":"D:\\RS_School\\Stage_3\\Projects\\react-rs\\src\\test\\msw-server.ts","statementMap":{"0":{"start":{"line":6,"column":25},"end":{"line":6,"column":49}}},"fnMap":{},"branchMap":{},"s":{"0":2},"f":{},"b":{},"_coverageSchema":"1a1c01bbd47fc00a2c39e90264f33305004495a9","hash":"d1b3d8b88e407338d6718983b744e8aee639ac5a"}
,"D:\\RS_School\\Stage_3\\Projects\\react-rs\\src\\test\\handlers\\index.ts": {"path":"D:\\RS_School\\Stage_3\\Projects\\react-rs\\src\\test\\handlers\\index.ts","statementMap":{"0":{"start":{"line":3,"column":24},"end":{"line":3,"column":60}}},"fnMap":{},"branchMap":{},"s":{"0":2},"f":{},"b":{},"_coverageSchema":"1a1c01bbd47fc00a2c39e90264f33305004495a9","hash":"0f8f6f7e46a9985f1893a99f6b3d6da6ea53bfb1"}
,"D:\\RS_School\\Stage_3\\Projects\\react-rs\\src\\test\\handlers\\user-data.handler.ts": {"path":"D:\\RS_School\\Stage_3\\Projects\\react-rs\\src\\test\\handlers\\user-data.handler.ts","statementMap":{"0":{"start":{"line":4,"column":31},"end":{"line":25,"column":1}},"1":{"start":{"line":8,"column":16},"end":{"line":8,"column":36}},"2":{"start":{"line":9,"column":17},"end":{"line":9,"column":50}},"3":{"start":{"line":10,"column":19},"end":{"line":10,"column":49}},"4":{"start":{"line":11,"column":25},"end":{"line":13,"column":20}},"5":{"start":{"line":12,"column":38},"end":{"line":12,"column":58}},"6":{"start":{"line":15,"column":22},"end":{"line":15,"column":45}},"7":{"start":{"line":16,"column":20},"end":{"line":16,"column":37}},"8":{"start":{"line":17,"column":20},"end":{"line":17,"column":58}},"9":{"start":{"line":19,"column":4},"end":{"line":19,"column":48}},"10":{"start":{"line":20,"column":4},"end":{"line":23,"column":7}},"11":{"start":{"line":27,"column":33},"end":{"line":34,"column":1}},"12":{"start":{"line":30,"column":4},"end":{"line":32,"column":5}},"13":{"start":{"line":31,"column":6},"end":{"line":31,"column":47}}},"fnMap":{"0":{"name":"(anonymous_0)","decl":{"start":{"line":6,"column":2},"end":{"line":6,"column":3}},"loc":{"start":{"line":6,"column":33},"end":{"line":24,"column":3}},"line":6},"1":{"name":"(anonymous_1)","decl":{"start":{"line":12,"column":28},"end":{"line":12,"column":29}},"loc":{"start":{"line":12,"column":38},"end":{"line":12,"column":58}},"line":12},"2":{"name":"(anonymous_2)","decl":{"start":{"line":29,"column":2},"end":{"line":29,"column":3}},"loc":{"start":{"line":29,"column":24},"end":{"line":33,"column":3}},"line":29}},"branchMap":{"0":{"loc":{"start":{"line":9,"column":17},"end":{"line":9,"column":50}},"type":"binary-expr","locations":[{"start":{"line":9,"column":17},"end":{"line":9,"column":45}},{"start":{"line":9,"column":49},"end":{"line":9,"column":50}}],"line":9},"1":{"loc":{"start":{"line":11,"column":25},"end":{"line":13,"column":20}},"type":"cond-expr","locations":[{"start":{"line":12,"column":8},"end":{"line":12,"column":59}},{"start":{"line":13,"column":8},"end":{"line":13,"column":20}}],"line":11},"2":{"loc":{"start":{"line":30,"column":4},"end":{"line":32,"column":5}},"type":"if","locations":[{"start":{"line":30,"column":4},"end":{"line":32,"column":5}},{"start":{},"end":{}}],"line":30}},"s":{"0":2,"1":2,"2":2,"3":2,"4":2,"5":0,"6":2,"7":2,"8":2,"9":2,"10":2,"11":2,"12":3,"13":3},"f":{"0":2,"1":0,"2":3},"b":{"0":[2,0],"1":[0,2],"2":[3,0]},"_coverageSchema":"1a1c01bbd47fc00a2c39e90264f33305004495a9","hash":"e51d45e5423a80a1609a149ee33931a3c4647640"}
,"D:\\RS_School\\Stage_3\\Projects\\react-rs\\src\\test\\mock\\user-data.ts": {"path":"D:\\RS_School\\Stage_3\\Projects\\react-rs\\src\\test\\mock\\user-data.ts","statementMap":{"0":{"start":{"line":1,"column":28},"end":{"line":555,"column":1}},"1":{"start":{"line":557,"column":30},"end":{"line":574,"column":1}}},"fnMap":{},"branchMap":{},"s":{"0":2,"1":2},"f":{},"b":{},"_coverageSchema":"1a1c01bbd47fc00a2c39e90264f33305004495a9","hash":"f0d372ba6384632448a476ff2704e91abffefb5f"}
}
