TN:
SF:src\components\context\Context.tsx
FN:11,(anonymous_0)
FN:24,(anonymous_1)
FNF:2
FNH:0
FNDA:0,(anonymous_0)
FNDA:0,(anonymous_1)
DA:9,1
DA:11,0
DA:15,1
DA:22,1
DA:24,0
DA:27,1
LF:6
LH:4
BRDA:10,0,0,1
BRDA:10,0,1,1
BRF:2
BRH:2
end_of_record
TN:
SF:src\components\info\search\Search.tsx
FN:11,(anonymous_0)
FN:17,(anonymous_1)
FN:22,(anonymous_2)
FNF:3
FNH:3
FNDA:2,(anonymous_0)
FNDA:1,(anonymous_1)
FNDA:1,(anonymous_2)
DA:11,1
DA:16,2
DA:17,2
DA:18,1
DA:19,1
DA:22,2
DA:23,1
DA:24,1
DA:27,2
LF:9
LH:9
BRF:0
BRH:0
end_of_record
