TN:
SF:src\components\context\Context.tsx
FN:11,(anonymous_0)
FN:24,(anonymous_1)
FNF:2
FNH:0
FNDA:0,(anonymous_0)
FNDA:0,(anonymous_1)
DA:9,1
DA:11,0
DA:15,1
DA:22,1
DA:24,0
DA:27,1
LF:6
LH:4
BRDA:10,0,0,1
BRDA:10,0,1,1
BRF:2
BRH:2
end_of_record
TN:
SF:src\components\details\DetailCard.tsx
FN:8,(anonymous_0)
FNF:1
FNH:1
FNDA:4,(anonymous_0)
DA:8,1
DA:9,4
LF:2
LH:2
BRF:0
BRH:0
end_of_record
TN:
SF:src\components\details\Details.tsx
FN:20,(anonymous_0)
FN:26,(anonymous_1)
FN:31,(anonymous_2)
FN:38,(anonymous_3)
FN:46,(anonymous_4)
FN:50,(anonymous_5)
FNF:6
FNH:5
FNDA:6,(anonymous_0)
FNDA:2,(anonymous_1)
FNDA:2,(anonymous_2)
FNDA:2,(anonymous_3)
FNDA:2,(anonymous_4)
FNDA:0,(anonymous_5)
DA:20,1
DA:21,6
DA:22,6
DA:23,6
DA:24,6
DA:26,6
DA:27,2
DA:28,2
DA:30,2
DA:32,2
DA:33,0
DA:36,2
DA:39,2
DA:40,2
DA:41,2
DA:42,2
DA:46,6
DA:47,2
DA:50,6
DA:51,0
DA:52,0
DA:57,6
DA:65,6
LF:23
LH:20
BRDA:32,0,0,0
BRDA:32,0,1,2
BRDA:57,1,0,2
BRDA:57,1,1,4
BRF:4
BRH:3
end_of_record
TN:
SF:src\components\errorBoundary\errorTestButton.tsx
FN:16,(anonymous_0)
FN:23,(anonymous_1)
FN:27,(anonymous_2)
FNF:3
FNH:2
FNDA:1,(anonymous_0)
FNDA:0,(anonymous_1)
FNDA:1,(anonymous_2)
DA:17,1
DA:18,1
DA:23,1
DA:24,0
DA:28,1
DA:29,0
DA:31,1
LF:7
LH:5
BRDA:28,0,0,0
BRDA:28,0,1,1
BRF:2
BRH:1
end_of_record
TN:
SF:src\components\info\loader\Loader.tsx
FN:4,(anonymous_0)
FNF:1
FNH:1
FNDA:2,(anonymous_0)
DA:4,1
DA:5,2
LF:2
LH:2
BRF:0
BRH:0
end_of_record
TN:
SF:src\components\info\pagination\Pagination.tsx
FN:13,(anonymous_0)
FN:21,(anonymous_1)
FN:28,(anonymous_2)
FN:48,(anonymous_3)
FN:53,(anonymous_4)
FNF:5
FNH:4
FNDA:1,(anonymous_0)
FNDA:0,(anonymous_1)
FNDA:1,(anonymous_2)
FNDA:4,(anonymous_3)
FNDA:1,(anonymous_4)
DA:12,1
DA:13,1
DA:20,1
DA:21,1
DA:22,0
DA:23,0
DA:24,0
DA:25,0
DA:28,1
DA:29,1
DA:33,1
DA:34,1
DA:49,4
DA:53,1
LF:14
LH:10
BRDA:20,0,0,1
BRDA:20,0,1,0
BRDA:52,1,0,1
BRDA:52,1,1,3
BRF:4
BRH:3
end_of_record
TN:
SF:src\components\info\search\Search.tsx
FN:11,(anonymous_0)
FN:17,(anonymous_1)
FN:22,(anonymous_2)
FNF:3
FNH:3
FNDA:2,(anonymous_0)
FNDA:1,(anonymous_1)
FNDA:1,(anonymous_2)
DA:11,1
DA:16,2
DA:17,2
DA:18,1
DA:19,1
DA:22,2
DA:23,1
DA:24,1
DA:27,2
LF:9
LH:9
BRF:0
BRH:0
end_of_record
TN:
SF:src\test\msw-server.ts
FNF:0
FNH:0
DA:6,1
LF:1
LH:1
BRF:0
BRH:0
end_of_record
TN:
SF:src\test\handlers\index.ts
FNF:0
FNH:0
DA:3,1
LF:1
LH:1
BRF:0
BRH:0
end_of_record
TN:
SF:src\test\handlers\user-data.handler.ts
FN:6,(anonymous_0)
FN:17,(anonymous_1)
FNF:2
FNH:1
FNDA:0,(anonymous_0)
FNDA:2,(anonymous_1)
DA:4,1
DA:7,0
DA:8,0
DA:15,1
DA:18,2
DA:19,2
DA:20,2
LF:7
LH:5
BRDA:19,0,0,2
BRDA:19,0,1,0
BRF:2
BRH:1
end_of_record
TN:
SF:src\test\mock\user-data.ts
FNF:0
FNH:0
DA:1,1
DA:191,1
LF:2
LH:2
BRF:0
BRH:0
end_of_record
